<?xml version="1.0" encoding="UTF-8"?>
<!-- Generated by org.testng.reporters.JUnitXMLReporter -->
<testsuite ignored="0" hostname="Jay" failures="0" tests="2" name="Surefire test" time="20.006" errors="0" timestamp="2025-02-12T17:14:00 IST">
  <testcase classname="foodDeliveryApp.MenuItemsTest" name="menuItemsPageTesting on menuItemsPageTesting(foodDeliveryApp.MenuItemsTest)" time="10.999"/>
  <testcase classname="foodDeliveryApp.OrderSummaryTest" name="orderSummaryTest on orderSummaryTest(foodDeliveryApp.OrderSummaryTest)" time="8.963"/>
</testsuite> <!-- Surefire test -->
