<?xml version="1.0" encoding="UTF-8"?>
<!-- Generated by org.testng.reporters.JUnitXMLReporter -->
<testsuite ignored="0" hostname="Jay" failures="0" tests="3" name="Surefire test" time="41.099" errors="0" timestamp="2025-02-11T17:53:32 IST">
  <testcase classname="LoginScreenTest" name="registerTest on registerTest(LoginScreenTest)" time="14.53"/>
  <testcase classname="ProductListTest" name="productListTest on productListTest(ProductListTest)" time="14.759"/>
  <testcase classname="RegisterScreenTest" name="loginTest on loginTest(RegisterScreenTest)" time="11.711"/>
</testsuite> <!-- Surefire test -->
