<?xml version="1.0" encoding="UTF-8"?>
<!-- Generated by org.testng.reporters.JUnitXMLReporter -->
<testsuite ignored="0" hostname="Jay" failures="0" tests="2" name="Surefire test" time="29.68" errors="0" timestamp="2025-02-13T00:27:45 IST">
  <testcase classname="DashBoardPageTest" name="dashboardPageTest on dashboardPageTest(DashBoardPageTest)" time="12.111"/>
  <testcase classname="OnboardingScreenTest" name="onboardingScreenTest on onboardingScreenTest(OnboardingScreenTest)" time="17.505"/>
</testsuite> <!-- Surefire test -->
