<?xml version="1.0" encoding="UTF-8"?>
<testng-results ignored="0" total="2" passed="2" failed="0" skipped="0">
  <reporter-output>
  </reporter-output>
  <suite started-at="2025-02-12T17:13:40 IST" name="Surefire suite" finished-at="2025-02-12T17:14:00 IST" duration-ms="20006">
    <groups>
    </groups>
    <test started-at="2025-02-12T17:13:40 IST" name="Surefire test" finished-at="2025-02-12T17:14:00 IST" duration-ms="20006">
      <class name="foodDeliveryApp.MenuItemsTest">
        <test-method signature="menuItemsPageTesting() throws java.lang.InterruptedException" started-at="2025-02-12T17:13:40 IST" name="menuItemsPageTesting" finished-at="2025-02-12T17:13:51 IST" duration-ms="10999" status="PASS">
          <reporter-output>
          </reporter-output>
        </test-method> <!-- menuItemsPageTesting -->
      </class> <!-- foodDeliveryApp.MenuItemsTest -->
      <class name="foodDeliveryApp.OrderSummaryTest">
        <test-method signature="orderSummaryTest() throws java.lang.InterruptedException" started-at="2025-02-12T17:13:51 IST" name="orderSummaryTest" finished-at="2025-02-12T17:14:00 IST" duration-ms="8963" status="PASS">
          <reporter-output>
          </reporter-output>
        </test-method> <!-- orderSummaryTest -->
      </class> <!-- foodDeliveryApp.OrderSummaryTest -->
    </test> <!-- Surefire test -->
  </suite> <!-- Surefire suite -->
</testng-results>
